[19:16:52] [ServerMain/INFO]: Environment: Environment[sessionHost=https://sessionserver.mojang.com, servicesHost=https://api.minecraftservices.com, name=PROD]
[19:16:55] [ServerMain/INFO]: Loaded 1290 recipes
[19:16:55] [ServerMain/INFO]: Loaded 1399 advancements
[19:16:56] [Server thread/INFO]: Starting minecraft server version 1.21
[19:16:56] [Server thread/INFO]: Loading properties
[19:16:56] [Server thread/INFO]: Default game type: SURVIVAL
[19:16:56] [Server thread/INFO]: Generating keypair
[19:16:56] [Server thread/INFO]: Starting Minecraft server on *:25565
[19:16:56] [Server thread/INFO]: Using epoll channel type
[19:16:56] [Server thread/INFO]: Preparing level "world"
[19:16:57] [Server thread/INFO]: Preparing start region for dimension minecraft:overworld
[19:16:58] [Worker-Main-8/INFO]: Preparing spawn area: 0%
[19:16:58] [Worker-Main-8/INFO]: Preparing spawn area: 0%
[19:16:58] [Server thread/INFO]: Time elapsed: 650 ms
[19:16:58] [Server thread/INFO]: Done (1.807s)! For help, type "help"
[19:16:58] [Server thread/INFO]: Starting remote control listener
[19:16:58] [Server thread/INFO]: Thread RCON Listener started
[19:16:58] [Server thread/INFO]: RCON running on 0.0.0.0:25575
[19:17:08] [User Authenticator #1/INFO]: UUID of player BrugalXV is b6a42916-c99d-4dda-8c3b-111947ac54c1
[19:17:08] [Server thread/INFO]: BrugalXV[/192.168.0.1:53768] logged in with entity id 98 at (372.14999634357724, 75.0, -81.68971035157405)
[19:17:08] [Server thread/INFO]: BrugalXV joined the game
[19:17:11] [Server thread/INFO]: BrugalXV lost connection: Disconnected
[19:17:11] [Server thread/INFO]: BrugalXV left the game
[19:25:38] [RCON Listener #1/INFO]: Thread RCON Client /127.0.0.1 started
[19:25:38] [Server thread/INFO]: [Rcon: Stopping the server]
[19:25:38] [RCON Client /127.0.0.1 #2/INFO]: Thread RCON Client /127.0.0.1 shutting down
[19:25:38] [Server thread/INFO]: Stopping server
[19:25:38] [Server thread/INFO]: Saving players
[19:25:38] [Server thread/INFO]: Saving worlds
[19:25:38] [Server thread/INFO]: Saving chunks for level 'ServerLevel[world]'/minecraft:overworld
[19:25:38] [Server thread/INFO]: Saving chunks for level 'ServerLevel[world]'/minecraft:the_nether
[19:25:38] [Server thread/INFO]: Saving chunks for level 'ServerLevel[world]'/minecraft:the_end
[19:25:38] [Server thread/INFO]: ThreadedAnvilChunkStorage (world): All chunks are saved
[19:25:38] [Server thread/INFO]: ThreadedAnvilChunkStorage (DIM-1): All chunks are saved
[19:25:38] [Server thread/INFO]: ThreadedAnvilChunkStorage (DIM1): All chunks are saved
[19:25:38] [Server thread/INFO]: ThreadedAnvilChunkStorage: All dimensions are saved
[19:25:39] [Server thread/INFO]: Thread RCON Listener stopped
